<?xml version="1.0" encoding="UTF-8"?>
<testng-results ignored="0" total="2" passed="2" failed="0" skipped="0">
  <reporter-output>
  </reporter-output>
  <suite started-at="2026-03-02T15:03:06 IST" name="Default suite" finished-at="2026-03-02T15:03:31 IST" duration-ms="24061">
    <groups>
    </groups>
    <test started-at="2026-03-02T15:03:06 IST" name="Default test" finished-at="2026-03-02T15:03:31 IST" duration-ms="24061">
      <class name="tests.LoginTest">
        <test-method is-config="true" signature="setup()[pri:0, instance:tests.LoginTest@14f232c4]" started-at="2026-03-02T15:03:07 IST" name="setup" finished-at="2026-03-02T15:03:13 IST" duration-ms="6823" status="PASS">
          <reporter-output>
          </reporter-output>
        </test-method> <!-- setup -->
        <test-method signature="testValidLogin()[pri:0, instance:tests.LoginTest@14f232c4]" started-at="2026-03-02T15:03:13 IST" name="testValidLogin" finished-at="2026-03-02T15:03:21 IST" duration-ms="7481" status="PASS">
          <reporter-output>
          </reporter-output>
        </test-method> <!-- testValidLogin -->
        <test-method is-config="true" signature="teardown()[pri:0, instance:tests.LoginTest@14f232c4]" started-at="2026-03-02T15:03:21 IST" name="teardown" finished-at="2026-03-02T15:03:21 IST" duration-ms="188" status="PASS">
          <reporter-output>
          </reporter-output>
        </test-method> <!-- teardown -->
        <test-method is-config="true" signature="setup()[pri:0, instance:tests.LoginTest@14f232c4]" started-at="2026-03-02T15:03:21 IST" name="setup" finished-at="2026-03-02T15:03:28 IST" duration-ms="6728" status="PASS">
          <reporter-output>
          </reporter-output>
        </test-method> <!-- setup -->
        <test-method signature="testInvalidLogin()[pri:1, instance:tests.LoginTest@14f232c4]" started-at="2026-03-02T15:03:28 IST" name="testInvalidLogin" finished-at="2026-03-02T15:03:30 IST" duration-ms="2623" status="PASS">
          <reporter-output>
          </reporter-output>
        </test-method> <!-- testInvalidLogin -->
        <test-method is-config="true" signature="teardown()[pri:0, instance:tests.LoginTest@14f232c4]" started-at="2026-03-02T15:03:30 IST" name="teardown" finished-at="2026-03-02T15:03:31 IST" duration-ms="168" status="PASS">
          <reporter-output>
          </reporter-output>
        </test-method> <!-- teardown -->
      </class> <!-- tests.LoginTest -->
    </test> <!-- Default test -->
  </suite> <!-- Default suite -->
</testng-results>
