<?xml version="1.0" encoding="UTF-8"?>
<testng-results ignored="0" total="2" passed="2" failed="0" skipped="0">
  <reporter-output>
  </reporter-output>
  <suite started-at="2026-03-09T12:57:58 IST" name="Default suite" finished-at="2026-03-09T12:58:20 IST" duration-ms="22057">
    <groups>
    </groups>
    <test started-at="2026-03-09T12:57:58 IST" name="Default test" finished-at="2026-03-09T12:58:20 IST" duration-ms="22057">
      <class name="tests.LoginTest">
        <test-method is-config="true" signature="setup()[pri:0, instance:tests.LoginTest@14f232c4]" started-at="2026-03-09T12:57:58 IST" name="setup" finished-at="2026-03-09T12:58:09 IST" duration-ms="10750" status="PASS">
          <reporter-output>
          </reporter-output>
        </test-method> <!-- setup -->
        <test-method signature="testValidLogin()[pri:0, instance:tests.LoginTest@14f232c4]" started-at="2026-03-09T12:58:09 IST" name="testValidLogin" finished-at="2026-03-09T12:58:13 IST" duration-ms="4180" status="PASS">
          <reporter-output>
          </reporter-output>
        </test-method> <!-- testValidLogin -->
        <test-method is-config="true" signature="teardown()[pri:0, instance:tests.LoginTest@14f232c4]" started-at="2026-03-09T12:58:13 IST" name="teardown" finished-at="2026-03-09T12:58:13 IST" duration-ms="192" status="PASS">
          <reporter-output>
          </reporter-output>
        </test-method> <!-- teardown -->
        <test-method is-config="true" signature="setup()[pri:0, instance:tests.LoginTest@14f232c4]" started-at="2026-03-09T12:58:13 IST" name="setup" finished-at="2026-03-09T12:58:19 IST" duration-ms="5773" status="PASS">
          <reporter-output>
          </reporter-output>
        </test-method> <!-- setup -->
        <test-method signature="testInvalidLogin()[pri:1, instance:tests.LoginTest@14f232c4]" started-at="2026-03-09T12:58:19 IST" name="testInvalidLogin" finished-at="2026-03-09T12:58:20 IST" duration-ms="938" status="PASS">
          <reporter-output>
          </reporter-output>
        </test-method> <!-- testInvalidLogin -->
        <test-method is-config="true" signature="teardown()[pri:0, instance:tests.LoginTest@14f232c4]" started-at="2026-03-09T12:58:20 IST" name="teardown" finished-at="2026-03-09T12:58:20 IST" duration-ms="172" status="PASS">
          <reporter-output>
          </reporter-output>
        </test-method> <!-- teardown -->
      </class> <!-- tests.LoginTest -->
    </test> <!-- Default test -->
  </suite> <!-- Default suite -->
</testng-results>
